Determining if the pthread_create exist failed with the following output:
Change Dir: /home/jianzhuozhu/catkin_ws/src/rviz_plugins/build/CMakeFiles/CMakeTmp

Run Build Command:"/usr/bin/make" "cmTC_50c6c/fast"
/usr/bin/make -f CMakeFiles/cmTC_50c6c.dir/build.make CMakeFiles/cmTC_50c6c.dir/build
make[1]: Entering directory '/home/jianzhuozhu/catkin_ws/src/rviz_plugins/build/CMakeFiles/CMakeTmp'
Building C object CMakeFiles/cmTC_50c6c.dir/CheckSymbolExists.c.o
/usr/bin/cc     -o CMakeFiles/cmTC_50c6c.dir/CheckSymbolExists.c.o   -c /home/jianzhuozhu/catkin_ws/src/rviz_plugins/build/CMakeFiles/CMakeTmp/CheckSymbolExists.c
Linking C executable cmTC_50c6c
/usr/bin/cmake -E cmake_link_script CMakeFiles/cmTC_50c6c.dir/link.txt --verbose=1
/usr/bin/cc       CMakeFiles/cmTC_50c6c.dir/CheckSymbolExists.c.o  -o cmTC_50c6c -rdynamic 
CMakeFiles/cmTC_50c6c.dir/CheckSymbolExists.c.o：在函数‘main’中：
CheckSymbolExists.c:(.text+0x16)：对‘pthread_create’未定义的引用
collect2: error: ld returned 1 exit status
CMakeFiles/cmTC_50c6c.dir/build.make:97: recipe for target 'cmTC_50c6c' failed
make[1]: *** [cmTC_50c6c] Error 1
make[1]: Leaving directory '/home/jianzhuozhu/catkin_ws/src/rviz_plugins/build/CMakeFiles/CMakeTmp'
Makefile:126: recipe for target 'cmTC_50c6c/fast' failed
make: *** [cmTC_50c6c/fast] Error 2

File /home/jianzhuozhu/catkin_ws/src/rviz_plugins/build/CMakeFiles/CMakeTmp/CheckSymbolExists.c:
/* */
#include <pthread.h>

int main(int argc, char** argv)
{
  (void)argv;
#ifndef pthread_create
  return ((int*)(&pthread_create))[argc];
#else
  (void)argc;
  return 0;
#endif
}

Determining if the function pthread_create exists in the pthreads failed with the following output:
Change Dir: /home/jianzhuozhu/catkin_ws/src/rviz_plugins/build/CMakeFiles/CMakeTmp

Run Build Command:"/usr/bin/make" "cmTC_074ef/fast"
/usr/bin/make -f CMakeFiles/cmTC_074ef.dir/build.make CMakeFiles/cmTC_074ef.dir/build
make[1]: Entering directory '/home/jianzhuozhu/catkin_ws/src/rviz_plugins/build/CMakeFiles/CMakeTmp'
Building C object CMakeFiles/cmTC_074ef.dir/CheckFunctionExists.c.o
/usr/bin/cc    -DCHECK_FUNCTION_EXISTS=pthread_create   -o CMakeFiles/cmTC_074ef.dir/CheckFunctionExists.c.o   -c /usr/share/cmake-3.5/Modules/CheckFunctionExists.c
Linking C executable cmTC_074ef
/usr/bin/cmake -E cmake_link_script CMakeFiles/cmTC_074ef.dir/link.txt --verbose=1
/usr/bin/cc   -DCHECK_FUNCTION_EXISTS=pthread_create    CMakeFiles/cmTC_074ef.dir/CheckFunctionExists.c.o  -o cmTC_074ef -rdynamic -lpthreads 
/usr/bin/ld: 找不到 -lpthreads
collect2: error: ld returned 1 exit status
CMakeFiles/cmTC_074ef.dir/build.make:97: recipe for target 'cmTC_074ef' failed
make[1]: *** [cmTC_074ef] Error 1
make[1]: Leaving directory '/home/jianzhuozhu/catkin_ws/src/rviz_plugins/build/CMakeFiles/CMakeTmp'
Makefile:126: recipe for target 'cmTC_074ef/fast' failed
make: *** [cmTC_074ef/fast] Error 2


